[debug] [2025-07-05T21:26:51.135Z] ----------------------------------------------------------------------
[debug] [2025-07-05T21:26:51.138Z] Command:       /opt/homebrew/Cellar/node/23.9.0/bin/node /opt/homebrew/bin/firebase deploy
[debug] [2025-07-05T21:26:51.138Z] CLI Version:   13.29.1
[debug] [2025-07-05T21:26:51.138Z] Platform:      darwin
[debug] [2025-07-05T21:26:51.138Z] Node Version:  v23.9.0
[debug] [2025-07-05T21:26:51.138Z] Time:          Sat Jul 05 2025 23:26:51 GMT+0200 (Central European Summer Time)
[debug] [2025-07-05T21:26:51.138Z] ----------------------------------------------------------------------
[debug] 
[debug] [2025-07-05T21:26:51.182Z] > command requires scopes: ["email","openid","https://www.googleapis.com/auth/cloudplatformprojects.readonly","https://www.googleapis.com/auth/firebase","https://www.googleapis.com/auth/cloud-platform"]
[debug] [2025-07-05T21:26:51.183Z] > authorizing via signed-in user (daubinet.jordan@gmail.com)
[debug] [2025-07-05T21:26:51.183Z] [iam] checking project rl-tic-tac-toe for permissions ["firebase.projects.get","firebasehosting.sites.update"]
[debug] [2025-07-05T21:26:51.183Z] Checked if tokens are valid: true, expires at: 1751754257039
[debug] [2025-07-05T21:26:51.183Z] Checked if tokens are valid: true, expires at: 1751754257039
[debug] [2025-07-05T21:26:51.184Z] >>> [apiv2][query] POST https://cloudresourcemanager.googleapis.com/v1/projects/rl-tic-tac-toe:testIamPermissions [none]
[debug] [2025-07-05T21:26:51.184Z] >>> [apiv2][(partial)header] POST https://cloudresourcemanager.googleapis.com/v1/projects/rl-tic-tac-toe:testIamPermissions x-goog-quota-user=projects/rl-tic-tac-toe
[debug] [2025-07-05T21:26:51.184Z] >>> [apiv2][body] POST https://cloudresourcemanager.googleapis.com/v1/projects/rl-tic-tac-toe:testIamPermissions {"permissions":["firebase.projects.get","firebasehosting.sites.update"]}
[debug] [2025-07-05T21:26:52.092Z] <<< [apiv2][status] POST https://cloudresourcemanager.googleapis.com/v1/projects/rl-tic-tac-toe:testIamPermissions 200
[debug] [2025-07-05T21:26:52.092Z] <<< [apiv2][body] POST https://cloudresourcemanager.googleapis.com/v1/projects/rl-tic-tac-toe:testIamPermissions {}
[debug] [2025-07-05T21:26:52.093Z] [iam] error while checking permissions, command may fail: Authorization failed. This account is missing the following required permissions on project rl-tic-tac-toe:

  firebase.projects.get
  firebasehosting.sites.update
[debug] [2025-07-05T21:26:52.093Z] Checked if tokens are valid: true, expires at: 1751754257039
[debug] [2025-07-05T21:26:52.093Z] Checked if tokens are valid: true, expires at: 1751754257039
[debug] [2025-07-05T21:26:52.093Z] >>> [apiv2][query] GET https://firebase.googleapis.com/v1beta1/projects/rl-tic-tac-toe [none]
[debug] [2025-07-05T21:26:52.623Z] <<< [apiv2][status] GET https://firebase.googleapis.com/v1beta1/projects/rl-tic-tac-toe 403
[debug] [2025-07-05T21:26:52.623Z] <<< [apiv2][body] GET https://firebase.googleapis.com/v1beta1/projects/rl-tic-tac-toe {"error":{"code":403,"message":"The caller does not have permission","status":"PERMISSION_DENIED"}}
[debug] [2025-07-05T21:26:52.623Z] Request to https://firebase.googleapis.com/v1beta1/projects/rl-tic-tac-toe had HTTP Error: 403, The caller does not have permission
[debug] [2025-07-05T21:26:52.735Z] FirebaseError: Request to https://firebase.googleapis.com/v1beta1/projects/rl-tic-tac-toe had HTTP Error: 403, The caller does not have permission
    at responseToError (/opt/homebrew/lib/node_modules/firebase-tools/lib/responseToError.js:52:12)
    at RetryOperation._fn (/opt/homebrew/lib/node_modules/firebase-tools/lib/apiv2.js:312:77)
    at process.processTicksAndRejections (node:internal/process/task_queues:105:5)
[error] 
[error] Error: Failed to get Firebase project rl-tic-tac-toe. Please make sure the project exists and your account has permission to access it.
